2017-07-31 08:42:39 Error: Array
(
    [10] => Son
)

2017-07-31 08:42:54 Error: Array
(
    [10] => Son
)

2017-07-31 08:42:57 Error: Array
(
    [10] => Son
)

2017-07-31 08:45:46 Error: Fatal Error (4): syntax error, unexpected 'echo' (T_ECHO) in [/www/htdocs/PhotoStock/app/Controller/LikesController.php, line 25]
2017-07-31 08:45:46 Error: [FatalErrorException] syntax error, unexpected 'echo' (T_ECHO)
Request URL: /PhotoStock/Likes/showlike/
Stack Trace:
#0 /www/htdocs/photostock/lib/Cake/Error/ErrorHandler.php(212): ErrorHandler::handleFatalError(4, 'syntax error, u...', '/www/htdocs/Pho...', 25)
#1 [internal function]: ErrorHandler::handleError(4, 'syntax error, u...', '/www/htdocs/Pho...', 25, Array)
#2 /www/htdocs/PhotoStock/lib/Cake/Core/App.php(970): call_user_func('ErrorHandler::h...', 4, 'syntax error, u...', '/www/htdocs/Pho...', 25, Array)
#3 /www/htdocs/PhotoStock/lib/Cake/Core/App.php(943): App::_checkFatalError()
#4 [internal function]: App::shutdown()
#5 {main}
2017-07-31 08:45:47 Error: Fatal Error (4): syntax error, unexpected 'echo' (T_ECHO) in [/www/htdocs/PhotoStock/app/Controller/LikesController.php, line 25]
2017-07-31 08:45:47 Error: [FatalErrorException] syntax error, unexpected 'echo' (T_ECHO)
Request URL: /PhotoStock/Likes/showlike/
Stack Trace:
#0 /www/htdocs/photostock/lib/Cake/Error/ErrorHandler.php(212): ErrorHandler::handleFatalError(4, 'syntax error, u...', '/www/htdocs/Pho...', 25)
#1 [internal function]: ErrorHandler::handleError(4, 'syntax error, u...', '/www/htdocs/Pho...', 25, Array)
#2 /www/htdocs/PhotoStock/lib/Cake/Core/App.php(970): call_user_func('ErrorHandler::h...', 4, 'syntax error, u...', '/www/htdocs/Pho...', 25, Array)
#3 /www/htdocs/PhotoStock/lib/Cake/Core/App.php(943): App::_checkFatalError()
#4 [internal function]: App::shutdown()
#5 {main}
2017-07-31 08:45:50 Error: [MissingControllerException] Controller class CssController could not be found.
Exception Attributes: array (
  'class' => 'CssController',
  'plugin' => NULL,
)
Request URL: /photostock/css/bootstrap.min.css.map
Stack Trace:
#0 /www/htdocs/photostock/app/webroot/index.php(111): Dispatcher->dispatch(Object(CakeRequest), Object(CakeResponse))
#1 {main}
2017-07-31 08:45:55 Error: Fatal Error (4): syntax error, unexpected 'echo' (T_ECHO) in [/www/htdocs/PhotoStock/app/Controller/LikesController.php, line 25]
2017-07-31 08:45:55 Error: [FatalErrorException] syntax error, unexpected 'echo' (T_ECHO)
Request URL: /PhotoStock/Likes/showlike/
Stack Trace:
#0 /www/htdocs/photostock/lib/Cake/Error/ErrorHandler.php(212): ErrorHandler::handleFatalError(4, 'syntax error, u...', '/www/htdocs/Pho...', 25)
#1 [internal function]: ErrorHandler::handleError(4, 'syntax error, u...', '/www/htdocs/Pho...', 25, Array)
#2 /www/htdocs/PhotoStock/lib/Cake/Core/App.php(970): call_user_func('ErrorHandler::h...', 4, 'syntax error, u...', '/www/htdocs/Pho...', 25, Array)
#3 /www/htdocs/PhotoStock/lib/Cake/Core/App.php(943): App::_checkFatalError()
#4 [internal function]: App::shutdown()
#5 {main}
2017-07-31 08:45:56 Error: Fatal Error (4): syntax error, unexpected 'echo' (T_ECHO) in [/www/htdocs/PhotoStock/app/Controller/LikesController.php, line 25]
2017-07-31 08:45:56 Error: [FatalErrorException] syntax error, unexpected 'echo' (T_ECHO)
Request URL: /PhotoStock/Likes/showlike/
Stack Trace:
#0 /www/htdocs/photostock/lib/Cake/Error/ErrorHandler.php(212): ErrorHandler::handleFatalError(4, 'syntax error, u...', '/www/htdocs/Pho...', 25)
#1 [internal function]: ErrorHandler::handleError(4, 'syntax error, u...', '/www/htdocs/Pho...', 25, Array)
#2 /www/htdocs/PhotoStock/lib/Cake/Core/App.php(970): call_user_func('ErrorHandler::h...', 4, 'syntax error, u...', '/www/htdocs/Pho...', 25, Array)
#3 /www/htdocs/PhotoStock/lib/Cake/Core/App.php(943): App::_checkFatalError()
#4 [internal function]: App::shutdown()
#5 {main}
2017-07-31 08:45:57 Error: Fatal Error (4): syntax error, unexpected 'echo' (T_ECHO) in [/www/htdocs/PhotoStock/app/Controller/LikesController.php, line 25]
2017-07-31 08:45:57 Error: [FatalErrorException] syntax error, unexpected 'echo' (T_ECHO)
Request URL: /PhotoStock/Likes/showlike/
Stack Trace:
#0 /www/htdocs/photostock/lib/Cake/Error/ErrorHandler.php(212): ErrorHandler::handleFatalError(4, 'syntax error, u...', '/www/htdocs/Pho...', 25)
#1 [internal function]: ErrorHandler::handleError(4, 'syntax error, u...', '/www/htdocs/Pho...', 25, Array)
#2 /www/htdocs/PhotoStock/lib/Cake/Core/App.php(970): call_user_func('ErrorHandler::h...', 4, 'syntax error, u...', '/www/htdocs/Pho...', 25, Array)
#3 /www/htdocs/PhotoStock/lib/Cake/Core/App.php(943): App::_checkFatalError()
#4 [internal function]: App::shutdown()
#5 {main}
2017-07-31 08:45:58 Error: Fatal Error (4): syntax error, unexpected 'echo' (T_ECHO) in [/www/htdocs/PhotoStock/app/Controller/LikesController.php, line 25]
2017-07-31 08:45:58 Error: [FatalErrorException] syntax error, unexpected 'echo' (T_ECHO)
Request URL: /PhotoStock/Likes/showlike/
Stack Trace:
#0 /www/htdocs/photostock/lib/Cake/Error/ErrorHandler.php(212): ErrorHandler::handleFatalError(4, 'syntax error, u...', '/www/htdocs/Pho...', 25)
#1 [internal function]: ErrorHandler::handleError(4, 'syntax error, u...', '/www/htdocs/Pho...', 25, Array)
#2 /www/htdocs/PhotoStock/lib/Cake/Core/App.php(970): call_user_func('ErrorHandler::h...', 4, 'syntax error, u...', '/www/htdocs/Pho...', 25, Array)
#3 /www/htdocs/PhotoStock/lib/Cake/Core/App.php(943): App::_checkFatalError()
#4 [internal function]: App::shutdown()
#5 {main}
2017-07-31 08:46:00 Error: [MissingControllerException] Controller class CssController could not be found.
Exception Attributes: array (
  'class' => 'CssController',
  'plugin' => NULL,
)
Request URL: /photostock/css/bootstrap.min.css.map
Stack Trace:
#0 /www/htdocs/photostock/app/webroot/index.php(111): Dispatcher->dispatch(Object(CakeRequest), Object(CakeResponse))
#1 {main}
2017-07-31 08:46:05 Error: Fatal Error (4): syntax error, unexpected 'echo' (T_ECHO) in [/www/htdocs/PhotoStock/app/Controller/LikesController.php, line 25]
2017-07-31 08:46:05 Error: [FatalErrorException] syntax error, unexpected 'echo' (T_ECHO)
Request URL: /PhotoStock/Likes/showlike/
Stack Trace:
#0 /www/htdocs/PhotoStock/lib/Cake/Error/ErrorHandler.php(212): ErrorHandler::handleFatalError(4, 'syntax error, u...', '/www/htdocs/Pho...', 25)
#1 [internal function]: ErrorHandler::handleError(4, 'syntax error, u...', '/www/htdocs/Pho...', 25, Array)
#2 /www/htdocs/PhotoStock/lib/Cake/Core/App.php(970): call_user_func('ErrorHandler::h...', 4, 'syntax error, u...', '/www/htdocs/Pho...', 25, Array)
#3 /www/htdocs/PhotoStock/lib/Cake/Core/App.php(943): App::_checkFatalError()
#4 [internal function]: App::shutdown()
#5 {main}
2017-07-31 08:46:06 Error: Fatal Error (4): syntax error, unexpected 'echo' (T_ECHO) in [/www/htdocs/PhotoStock/app/Controller/LikesController.php, line 25]
2017-07-31 08:46:06 Error: [FatalErrorException] syntax error, unexpected 'echo' (T_ECHO)
Request URL: /PhotoStock/Likes/showlike/
Stack Trace:
#0 /www/htdocs/PhotoStock/lib/Cake/Error/ErrorHandler.php(212): ErrorHandler::handleFatalError(4, 'syntax error, u...', '/www/htdocs/Pho...', 25)
#1 [internal function]: ErrorHandler::handleError(4, 'syntax error, u...', '/www/htdocs/Pho...', 25, Array)
#2 /www/htdocs/PhotoStock/lib/Cake/Core/App.php(970): call_user_func('ErrorHandler::h...', 4, 'syntax error, u...', '/www/htdocs/Pho...', 25, Array)
#3 /www/htdocs/PhotoStock/lib/Cake/Core/App.php(943): App::_checkFatalError()
#4 [internal function]: App::shutdown()
#5 {main}
2017-07-31 08:46:07 Error: Fatal Error (4): syntax error, unexpected 'echo' (T_ECHO) in [/www/htdocs/PhotoStock/app/Controller/LikesController.php, line 25]
2017-07-31 08:46:07 Error: [FatalErrorException] syntax error, unexpected 'echo' (T_ECHO)
Request URL: /PhotoStock/Likes/showlike/
Stack Trace:
#0 /www/htdocs/PhotoStock/lib/Cake/Error/ErrorHandler.php(212): ErrorHandler::handleFatalError(4, 'syntax error, u...', '/www/htdocs/Pho...', 25)
#1 [internal function]: ErrorHandler::handleError(4, 'syntax error, u...', '/www/htdocs/Pho...', 25, Array)
#2 /www/htdocs/PhotoStock/lib/Cake/Core/App.php(970): call_user_func('ErrorHandler::h...', 4, 'syntax error, u...', '/www/htdocs/Pho...', 25, Array)
#3 /www/htdocs/PhotoStock/lib/Cake/Core/App.php(943): App::_checkFatalError()
#4 [internal function]: App::shutdown()
#5 {main}
2017-07-31 08:46:07 Error: Fatal Error (4): syntax error, unexpected 'echo' (T_ECHO) in [/www/htdocs/PhotoStock/app/Controller/LikesController.php, line 25]
2017-07-31 08:46:07 Error: [FatalErrorException] syntax error, unexpected 'echo' (T_ECHO)
Request URL: /PhotoStock/Likes/showlike/
Stack Trace:
#0 /www/htdocs/PhotoStock/lib/Cake/Error/ErrorHandler.php(212): ErrorHandler::handleFatalError(4, 'syntax error, u...', '/www/htdocs/Pho...', 25)
#1 [internal function]: ErrorHandler::handleError(4, 'syntax error, u...', '/www/htdocs/Pho...', 25, Array)
#2 /www/htdocs/PhotoStock/lib/Cake/Core/App.php(970): call_user_func('ErrorHandler::h...', 4, 'syntax error, u...', '/www/htdocs/Pho...', 25, Array)
#3 /www/htdocs/PhotoStock/lib/Cake/Core/App.php(943): App::_checkFatalError()
#4 [internal function]: App::shutdown()
#5 {main}
2017-07-31 08:46:09 Error: [MissingControllerException] Controller class CssController could not be found.
Exception Attributes: array (
  'class' => 'CssController',
  'plugin' => NULL,
)
Request URL: /photostock/css/bootstrap.min.css.map
Stack Trace:
#0 /www/htdocs/photostock/app/webroot/index.php(111): Dispatcher->dispatch(Object(CakeRequest), Object(CakeResponse))
#1 {main}
2017-07-31 08:46:11 Error: [MissingControllerException] Controller class CssController could not be found.
Exception Attributes: array (
  'class' => 'CssController',
  'plugin' => NULL,
)
Request URL: /photostock/css/bootstrap.min.css.map
Stack Trace:
#0 /www/htdocs/photostock/app/webroot/index.php(111): Dispatcher->dispatch(Object(CakeRequest), Object(CakeResponse))
#1 {main}
2017-07-31 08:46:13 Error: Fatal Error (4): syntax error, unexpected 'echo' (T_ECHO) in [/www/htdocs/PhotoStock/app/Controller/LikesController.php, line 25]
2017-07-31 08:46:13 Error: [FatalErrorException] syntax error, unexpected 'echo' (T_ECHO)
Request URL: /PhotoStock/Likes/like
Stack Trace:
#0 /www/htdocs/PhotoStock/lib/Cake/Error/ErrorHandler.php(212): ErrorHandler::handleFatalError(4, 'syntax error, u...', '/www/htdocs/Pho...', 25)
#1 [internal function]: ErrorHandler::handleError(4, 'syntax error, u...', '/www/htdocs/Pho...', 25, Array)
#2 /www/htdocs/PhotoStock/lib/Cake/Core/App.php(970): call_user_func('ErrorHandler::h...', 4, 'syntax error, u...', '/www/htdocs/Pho...', 25, Array)
#3 /www/htdocs/PhotoStock/lib/Cake/Core/App.php(943): App::_checkFatalError()
#4 [internal function]: App::shutdown()
#5 {main}
2017-07-31 08:46:15 Error: Fatal Error (4): syntax error, unexpected 'echo' (T_ECHO) in [/www/htdocs/PhotoStock/app/Controller/LikesController.php, line 25]
2017-07-31 08:46:15 Error: [FatalErrorException] syntax error, unexpected 'echo' (T_ECHO)
Request URL: /PhotoStock/Likes/like
Stack Trace:
#0 /www/htdocs/PhotoStock/lib/Cake/Error/ErrorHandler.php(212): ErrorHandler::handleFatalError(4, 'syntax error, u...', '/www/htdocs/Pho...', 25)
#1 [internal function]: ErrorHandler::handleError(4, 'syntax error, u...', '/www/htdocs/Pho...', 25, Array)
#2 /www/htdocs/PhotoStock/lib/Cake/Core/App.php(970): call_user_func('ErrorHandler::h...', 4, 'syntax error, u...', '/www/htdocs/Pho...', 25, Array)
#3 /www/htdocs/PhotoStock/lib/Cake/Core/App.php(943): App::_checkFatalError()
#4 [internal function]: App::shutdown()
#5 {main}
2017-07-31 08:46:22 Error: Fatal Error (4): syntax error, unexpected 'echo' (T_ECHO) in [/www/htdocs/PhotoStock/app/Controller/LikesController.php, line 25]
2017-07-31 08:46:22 Error: [FatalErrorException] syntax error, unexpected 'echo' (T_ECHO)
Request URL: /PhotoStock/Likes/like
Stack Trace:
#0 /www/htdocs/PhotoStock/lib/Cake/Error/ErrorHandler.php(212): ErrorHandler::handleFatalError(4, 'syntax error, u...', '/www/htdocs/Pho...', 25)
#1 [internal function]: ErrorHandler::handleError(4, 'syntax error, u...', '/www/htdocs/Pho...', 25, Array)
#2 /www/htdocs/PhotoStock/lib/Cake/Core/App.php(970): call_user_func('ErrorHandler::h...', 4, 'syntax error, u...', '/www/htdocs/Pho...', 25, Array)
#3 /www/htdocs/PhotoStock/lib/Cake/Core/App.php(943): App::_checkFatalError()
#4 [internal function]: App::shutdown()
#5 {main}
2017-07-31 08:46:27 Error: Fatal Error (4): syntax error, unexpected 'echo' (T_ECHO) in [/www/htdocs/PhotoStock/app/Controller/LikesController.php, line 25]
2017-07-31 08:46:27 Error: [FatalErrorException] syntax error, unexpected 'echo' (T_ECHO)
Request URL: /PhotoStock/Likes/like
Stack Trace:
#0 /www/htdocs/PhotoStock/lib/Cake/Error/ErrorHandler.php(212): ErrorHandler::handleFatalError(4, 'syntax error, u...', '/www/htdocs/Pho...', 25)
#1 [internal function]: ErrorHandler::handleError(4, 'syntax error, u...', '/www/htdocs/Pho...', 25, Array)
#2 /www/htdocs/PhotoStock/lib/Cake/Core/App.php(970): call_user_func('ErrorHandler::h...', 4, 'syntax error, u...', '/www/htdocs/Pho...', 25, Array)
#3 /www/htdocs/PhotoStock/lib/Cake/Core/App.php(943): App::_checkFatalError()
#4 [internal function]: App::shutdown()
#5 {main}
2017-07-31 08:46:31 Error: Fatal Error (4): syntax error, unexpected 'echo' (T_ECHO) in [/www/htdocs/PhotoStock/app/Controller/LikesController.php, line 25]
2017-07-31 08:46:31 Error: [FatalErrorException] syntax error, unexpected 'echo' (T_ECHO)
Request URL: /PhotoStock/Likes/like
Stack Trace:
#0 /www/htdocs/PhotoStock/lib/Cake/Error/ErrorHandler.php(212): ErrorHandler::handleFatalError(4, 'syntax error, u...', '/www/htdocs/Pho...', 25)
#1 [internal function]: ErrorHandler::handleError(4, 'syntax error, u...', '/www/htdocs/Pho...', 25, Array)
#2 /www/htdocs/PhotoStock/lib/Cake/Core/App.php(970): call_user_func('ErrorHandler::h...', 4, 'syntax error, u...', '/www/htdocs/Pho...', 25, Array)
#3 /www/htdocs/PhotoStock/lib/Cake/Core/App.php(943): App::_checkFatalError()
#4 [internal function]: App::shutdown()
#5 {main}
2017-07-31 08:46:42 Error: [MissingControllerException] Controller class CssController could not be found.
Exception Attributes: array (
  'class' => 'CssController',
  'plugin' => NULL,
)
Request URL: /photostock/css/bootstrap.min.css.map
Stack Trace:
#0 /www/htdocs/photostock/app/webroot/index.php(111): Dispatcher->dispatch(Object(CakeRequest), Object(CakeResponse))
#1 {main}
2017-07-31 08:46:52 Error: [MissingControllerException] Controller class CssController could not be found.
Exception Attributes: array (
  'class' => 'CssController',
  'plugin' => NULL,
)
Request URL: /photostock/css/bootstrap.min.css.map
Stack Trace:
#0 /www/htdocs/photostock/app/webroot/index.php(111): Dispatcher->dispatch(Object(CakeRequest), Object(CakeResponse))
#1 {main}
2017-07-31 08:47:01 Error: [MissingControllerException] Controller class CssController could not be found.
Exception Attributes: array (
  'class' => 'CssController',
  'plugin' => NULL,
)
Request URL: /photostock/css/bootstrap.min.css.map
Stack Trace:
#0 /www/htdocs/photostock/app/webroot/index.php(111): Dispatcher->dispatch(Object(CakeRequest), Object(CakeResponse))
#1 {main}
2017-07-31 08:47:06 Error: [MissingControllerException] Controller class CssController could not be found.
Exception Attributes: array (
  'class' => 'CssController',
  'plugin' => NULL,
)
Request URL: /photostock/css/bootstrap.min.css.map
Stack Trace:
#0 /www/htdocs/photostock/app/webroot/index.php(111): Dispatcher->dispatch(Object(CakeRequest), Object(CakeResponse))
#1 {main}
2017-07-31 08:47:15 Error: [MissingControllerException] Controller class CssController could not be found.
Exception Attributes: array (
  'class' => 'CssController',
  'plugin' => NULL,
)
Request URL: /photostock/css/bootstrap.min.css.map
Stack Trace:
#0 /www/htdocs/photostock/app/webroot/index.php(111): Dispatcher->dispatch(Object(CakeRequest), Object(CakeResponse))
#1 {main}
2017-07-31 08:47:17 Error: 2017-07-31 08:47:17
2017-07-31 08:47:17 Error: 31/07/2017 15:47
2017-07-31 08:47:23 Error: 2017-07-31 08:47:22
2017-07-31 08:47:23 Error: 31/07/2017 15:47
2017-07-31 08:47:25 Error: [MissingControllerException] Controller class CssController could not be found.
Exception Attributes: array (
  'class' => 'CssController',
  'plugin' => NULL,
)
Request URL: /photostock/css/bootstrap.min.css.map
Stack Trace:
#0 /www/htdocs/photostock/app/webroot/index.php(111): Dispatcher->dispatch(Object(CakeRequest), Object(CakeResponse))
#1 {main}
2017-07-31 08:47:30 Error: [MissingControllerException] Controller class CssController could not be found.
Exception Attributes: array (
  'class' => 'CssController',
  'plugin' => NULL,
)
Request URL: /photostock/css/bootstrap.min.css.map
Stack Trace:
#0 /www/htdocs/photostock/app/webroot/index.php(111): Dispatcher->dispatch(Object(CakeRequest), Object(CakeResponse))
#1 {main}
2017-07-31 08:47:38 Error: [MissingControllerException] Controller class CssController could not be found.
Exception Attributes: array (
  'class' => 'CssController',
  'plugin' => NULL,
)
Request URL: /photostock/css/bootstrap.min.css.map
Stack Trace:
#0 /www/htdocs/photostock/app/webroot/index.php(111): Dispatcher->dispatch(Object(CakeRequest), Object(CakeResponse))
#1 {main}
2017-07-31 08:47:44 Error: [MissingControllerException] Controller class CssController could not be found.
Exception Attributes: array (
  'class' => 'CssController',
  'plugin' => NULL,
)
Request URL: /photostock/css/bootstrap.min.css.map
Stack Trace:
#0 /www/htdocs/photostock/app/webroot/index.php(111): Dispatcher->dispatch(Object(CakeRequest), Object(CakeResponse))
#1 {main}
2017-07-31 08:47:46 Error: 2017-07-31 08:47:46
2017-07-31 08:47:46 Error: 31/07/2017 15:47
2017-07-31 08:47:49 Error: [MissingControllerException] Controller class CssController could not be found.
Exception Attributes: array (
  'class' => 'CssController',
  'plugin' => NULL,
)
Request URL: /photostock/css/bootstrap.min.css.map
Stack Trace:
#0 /www/htdocs/photostock/app/webroot/index.php(111): Dispatcher->dispatch(Object(CakeRequest), Object(CakeResponse))
#1 {main}
2017-07-31 08:47:56 Error: [MissingControllerException] Controller class CssController could not be found.
Exception Attributes: array (
  'class' => 'CssController',
  'plugin' => NULL,
)
Request URL: /photostock/css/bootstrap.min.css.map
Stack Trace:
#0 /www/htdocs/photostock/app/webroot/index.php(111): Dispatcher->dispatch(Object(CakeRequest), Object(CakeResponse))
#1 {main}
2017-07-31 08:48:02 Error: [MissingControllerException] Controller class CssController could not be found.
Exception Attributes: array (
  'class' => 'CssController',
  'plugin' => NULL,
)
Request URL: /photostock/css/bootstrap.min.css.map
Stack Trace:
#0 /www/htdocs/photostock/app/webroot/index.php(111): Dispatcher->dispatch(Object(CakeRequest), Object(CakeResponse))
#1 {main}
2017-07-31 08:48:15 Error: 2017-07-31 08:48:14
2017-07-31 08:48:15 Error: 31/07/2017 15:48
2017-07-31 08:48:19 Error: [MissingControllerException] Controller class CssController could not be found.
Exception Attributes: array (
  'class' => 'CssController',
  'plugin' => NULL,
)
Request URL: /photostock/css/bootstrap.min.css.map
Stack Trace:
#0 /www/htdocs/photostock/app/webroot/index.php(111): Dispatcher->dispatch(Object(CakeRequest), Object(CakeResponse))
#1 {main}
2017-07-31 08:48:38 Error: [MissingControllerException] Controller class CssController could not be found.
Exception Attributes: array (
  'class' => 'CssController',
  'plugin' => NULL,
)
Request URL: /photostock/css/bootstrap.min.css.map
Stack Trace:
#0 /www/htdocs/photostock/app/webroot/index.php(111): Dispatcher->dispatch(Object(CakeRequest), Object(CakeResponse))
#1 {main}
2017-07-31 08:48:41 Error: [MissingControllerException] Controller class CssController could not be found.
Exception Attributes: array (
  'class' => 'CssController',
  'plugin' => NULL,
)
Request URL: /photostock/css/bootstrap.min.css.map
Stack Trace:
#0 /www/htdocs/photostock/app/webroot/index.php(111): Dispatcher->dispatch(Object(CakeRequest), Object(CakeResponse))
#1 {main}
2017-07-31 08:48:45 Error: [MissingControllerException] Controller class CssController could not be found.
Exception Attributes: array (
  'class' => 'CssController',
  'plugin' => NULL,
)
Request URL: /photostock/css/bootstrap.min.css.map
Stack Trace:
#0 /www/htdocs/photostock/app/webroot/index.php(111): Dispatcher->dispatch(Object(CakeRequest), Object(CakeResponse))
#1 {main}
2017-07-31 09:34:17 Error: [MissingControllerException] Controller class CssController could not be found.
Exception Attributes: array (
  'class' => 'CssController',
  'plugin' => NULL,
)
Request URL: /photostock/css/bootstrap.min.css.map
Stack Trace:
#0 /www/htdocs/photostock/app/webroot/index.php(111): Dispatcher->dispatch(Object(CakeRequest), Object(CakeResponse))
#1 {main}
2017-07-31 10:28:16 Error: [MissingControllerException] Controller class CssController could not be found.
Exception Attributes: array (
  'class' => 'CssController',
  'plugin' => NULL,
)
Request URL: /photostock/css/bootstrap.min.css.map
Stack Trace:
#0 /www/htdocs/photostock/app/webroot/index.php(111): Dispatcher->dispatch(Object(CakeRequest), Object(CakeResponse))
#1 {main}
2017-07-31 10:28:17 Error: [MissingControllerException] Controller class CssController could not be found.
Exception Attributes: array (
  'class' => 'CssController',
  'plugin' => NULL,
)
Request URL: /photostock/css/bootstrap.min.css.map
Stack Trace:
#0 /www/htdocs/photostock/app/webroot/index.php(111): Dispatcher->dispatch(Object(CakeRequest), Object(CakeResponse))
#1 {main}
2017-07-31 10:41:36 Error: [MissingControllerException] Controller class CssController could not be found.
Exception Attributes: array (
  'class' => 'CssController',
  'plugin' => NULL,
)
Request URL: /photostock/css/bootstrap.min.css.map
Stack Trace:
#0 /www/htdocs/photostock/app/webroot/index.php(111): Dispatcher->dispatch(Object(CakeRequest), Object(CakeResponse))
#1 {main}
2017-07-31 10:41:38 Error: [MissingControllerException] Controller class CssController could not be found.
Exception Attributes: array (
  'class' => 'CssController',
  'plugin' => NULL,
)
Request URL: /photostock/css/bootstrap.min.css.map
Stack Trace:
#0 /www/htdocs/photostock/app/webroot/index.php(111): Dispatcher->dispatch(Object(CakeRequest), Object(CakeResponse))
#1 {main}
2017-07-31 10:41:39 Error: [MissingControllerException] Controller class CssController could not be found.
Exception Attributes: array (
  'class' => 'CssController',
  'plugin' => NULL,
)
Request URL: /photostock/css/bootstrap.min.css.map
Stack Trace:
#0 /www/htdocs/photostock/app/webroot/index.php(111): Dispatcher->dispatch(Object(CakeRequest), Object(CakeResponse))
#1 {main}
2017-07-31 10:41:39 Error: [MissingControllerException] Controller class CssController could not be found.
Exception Attributes: array (
  'class' => 'CssController',
  'plugin' => NULL,
)
Request URL: /photostock/css/bootstrap.min.css.map
Stack Trace:
#0 /www/htdocs/photostock/app/webroot/index.php(111): Dispatcher->dispatch(Object(CakeRequest), Object(CakeResponse))
#1 {main}
2017-07-31 10:41:43 Error: [MissingControllerException] Controller class CssController could not be found.
Exception Attributes: array (
  'class' => 'CssController',
  'plugin' => NULL,
)
Request URL: /photostock/css/bootstrap.min.css.map
Stack Trace:
#0 /www/htdocs/photostock/app/webroot/index.php(111): Dispatcher->dispatch(Object(CakeRequest), Object(CakeResponse))
#1 {main}
2017-07-31 10:41:48 Error: 2017-07-31 10:41:48
2017-07-31 10:41:48 Error: 31/07/2017 17:41
2017-07-31 10:41:55 Error: [MissingControllerException] Controller class CssController could not be found.
Exception Attributes: array (
  'class' => 'CssController',
  'plugin' => NULL,
)
Request URL: /photostock/css/bootstrap.min.css.map
Stack Trace:
#0 /www/htdocs/photostock/app/webroot/index.php(111): Dispatcher->dispatch(Object(CakeRequest), Object(CakeResponse))
#1 {main}
2017-07-31 10:41:58 Error: [MissingControllerException] Controller class CssController could not be found.
Exception Attributes: array (
  'class' => 'CssController',
  'plugin' => NULL,
)
Request URL: /photostock/css/bootstrap.min.css.map
Stack Trace:
#0 /www/htdocs/photostock/app/webroot/index.php(111): Dispatcher->dispatch(Object(CakeRequest), Object(CakeResponse))
#1 {main}
2017-07-31 10:42:06 Error: [MissingControllerException] Controller class CssController could not be found.
Exception Attributes: array (
  'class' => 'CssController',
  'plugin' => NULL,
)
Request URL: /photostock/css/bootstrap.min.css.map
Stack Trace:
#0 /www/htdocs/photostock/app/webroot/index.php(111): Dispatcher->dispatch(Object(CakeRequest), Object(CakeResponse))
#1 {main}
2017-07-31 10:42:19 Error: 2017-07-31 10:42:19
2017-07-31 10:42:19 Error: 31/07/2017 17:42
2017-07-31 10:42:57 Error: [MissingControllerException] Controller class CssController could not be found.
Exception Attributes: array (
  'class' => 'CssController',
  'plugin' => NULL,
)
Request URL: /photostock/css/bootstrap.min.css.map
Stack Trace:
#0 /www/htdocs/photostock/app/webroot/index.php(111): Dispatcher->dispatch(Object(CakeRequest), Object(CakeResponse))
#1 {main}
2017-07-31 10:47:49 Error: 2017-07-31 10:47:49
2017-07-31 10:47:49 Error: 31/07/2017 17:47
2017-07-31 10:47:55 Error: 2017-07-31 10:47:55
2017-07-31 10:47:55 Error: 31/07/2017 17:47
2017-08-01 02:35:11 Error: 2017-08-01 02:35:11
2017-08-01 02:35:11 Error: 01/08/2017 09:35
2017-08-01 02:35:16 Error: [MissingControllerException] Controller class CssController could not be found.
Exception Attributes: array (
  'class' => 'CssController',
  'plugin' => NULL,
)
Request URL: /photostock/css/bootstrap.min.css.map
Stack Trace:
#0 /www/htdocs/photostock/app/webroot/index.php(111): Dispatcher->dispatch(Object(CakeRequest), Object(CakeResponse))
#1 {main}
2017-08-01 02:35:21 Error: 2017-08-01 02:35:20
2017-08-01 02:35:21 Error: 01/08/2017 09:35
2017-08-01 02:37:22 Error: [MissingControllerException] Controller class CssController could not be found.
Exception Attributes: array (
  'class' => 'CssController',
  'plugin' => NULL,
)
Request URL: /photostock/css/bootstrap.min.css.map
Stack Trace:
#0 /www/htdocs/photostock/app/webroot/index.php(111): Dispatcher->dispatch(Object(CakeRequest), Object(CakeResponse))
#1 {main}
2017-08-01 02:39:07 Error: [MissingControllerException] Controller class CssController could not be found.
Exception Attributes: array (
  'class' => 'CssController',
  'plugin' => NULL,
)
Request URL: /photostock/css/bootstrap.min.css.map
Stack Trace:
#0 /www/htdocs/photostock/app/webroot/index.php(111): Dispatcher->dispatch(Object(CakeRequest), Object(CakeResponse))
#1 {main}
2017-08-01 02:39:35 Error: [MissingControllerException] Controller class CssController could not be found.
Exception Attributes: array (
  'class' => 'CssController',
  'plugin' => NULL,
)
Request URL: /photostock/css/bootstrap.min.css.map
Stack Trace:
#0 /www/htdocs/photostock/app/webroot/index.php(111): Dispatcher->dispatch(Object(CakeRequest), Object(CakeResponse))
#1 {main}
2017-08-01 02:39:38 Error: [MissingControllerException] Controller class CssController could not be found.
Exception Attributes: array (
  'class' => 'CssController',
  'plugin' => NULL,
)
Request URL: /photostock/css/bootstrap.min.css.map
Stack Trace:
#0 /www/htdocs/photostock/app/webroot/index.php(111): Dispatcher->dispatch(Object(CakeRequest), Object(CakeResponse))
#1 {main}
2017-08-01 02:39:49 Error: [MissingControllerException] Controller class CssController could not be found.
Exception Attributes: array (
  'class' => 'CssController',
  'plugin' => NULL,
)
Request URL: /photostock/css/bootstrap.min.css.map
Stack Trace:
#0 /www/htdocs/photostock/app/webroot/index.php(111): Dispatcher->dispatch(Object(CakeRequest), Object(CakeResponse))
#1 {main}
2017-08-01 02:39:51 Error: [MissingControllerException] Controller class CssController could not be found.
Exception Attributes: array (
  'class' => 'CssController',
  'plugin' => NULL,
)
Request URL: /photostock/css/bootstrap.min.css.map
Stack Trace:
#0 /www/htdocs/photostock/app/webroot/index.php(111): Dispatcher->dispatch(Object(CakeRequest), Object(CakeResponse))
#1 {main}
2017-08-01 02:40:23 Error: [MissingControllerException] Controller class CssController could not be found.
Exception Attributes: array (
  'class' => 'CssController',
  'plugin' => NULL,
)
Request URL: /photostock/css/bootstrap.min.css.map
Stack Trace:
#0 /www/htdocs/photostock/app/webroot/index.php(111): Dispatcher->dispatch(Object(CakeRequest), Object(CakeResponse))
#1 {main}
2017-08-01 02:40:33 Error: [MissingControllerException] Controller class CssController could not be found.
Exception Attributes: array (
  'class' => 'CssController',
  'plugin' => NULL,
)
Request URL: /photostock/css/bootstrap.min.css.map
Stack Trace:
#0 /www/htdocs/photostock/app/webroot/index.php(111): Dispatcher->dispatch(Object(CakeRequest), Object(CakeResponse))
#1 {main}
2017-08-01 02:40:34 Error: [MissingActionException] Action LikesController::showlike() could not be found.
Exception Attributes: array (
  'controller' => 'LikesController',
  'action' => 'showlike',
)
Request URL: /PhotoStock/Likes/showlike/
Stack Trace:
#0 /www/htdocs/photostock/lib/Cake/Routing/Dispatcher.php(193): Controller->invokeAction(Object(CakeRequest))
#1 /www/htdocs/photostock/lib/Cake/Routing/Dispatcher.php(167): Dispatcher->_invoke(Object(LikesController), Object(CakeRequest))
#2 /www/htdocs/PhotoStock/app/webroot/index.php(111): Dispatcher->dispatch(Object(CakeRequest), Object(CakeResponse))
#3 {main}
2017-08-01 02:40:39 Error: [MissingActionException] Action LikesController::showlike() could not be found.
Exception Attributes: array (
  'controller' => 'LikesController',
  'action' => 'showlike',
)
Request URL: /PhotoStock/Likes/showlike/
Stack Trace:
#0 /www/htdocs/photostock/lib/Cake/Routing/Dispatcher.php(193): Controller->invokeAction(Object(CakeRequest))
#1 /www/htdocs/photostock/lib/Cake/Routing/Dispatcher.php(167): Dispatcher->_invoke(Object(LikesController), Object(CakeRequest))
#2 /www/htdocs/PhotoStock/app/webroot/index.php(111): Dispatcher->dispatch(Object(CakeRequest), Object(CakeResponse))
#3 {main}
2017-08-01 02:40:40 Error: [MissingActionException] Action LikesController::showlike() could not be found.
Exception Attributes: array (
  'controller' => 'LikesController',
  'action' => 'showlike',
)
Request URL: /PhotoStock/Likes/showlike/
Stack Trace:
#0 /www/htdocs/photostock/lib/Cake/Routing/Dispatcher.php(193): Controller->invokeAction(Object(CakeRequest))
#1 /www/htdocs/photostock/lib/Cake/Routing/Dispatcher.php(167): Dispatcher->_invoke(Object(LikesController), Object(CakeRequest))
#2 /www/htdocs/PhotoStock/app/webroot/index.php(111): Dispatcher->dispatch(Object(CakeRequest), Object(CakeResponse))
#3 {main}
2017-08-01 02:41:10 Error: [MissingControllerException] Controller class CssController could not be found.
Exception Attributes: array (
  'class' => 'CssController',
  'plugin' => NULL,
)
Request URL: /photostock/css/bootstrap.min.css.map
Stack Trace:
#0 /www/htdocs/photostock/app/webroot/index.php(111): Dispatcher->dispatch(Object(CakeRequest), Object(CakeResponse))
#1 {main}
2017-08-01 02:41:15 Error: [MissingControllerException] Controller class CssController could not be found.
Exception Attributes: array (
  'class' => 'CssController',
  'plugin' => NULL,
)
Request URL: /photostock/css/bootstrap.min.css.map
Stack Trace:
#0 /www/htdocs/photostock/app/webroot/index.php(111): Dispatcher->dispatch(Object(CakeRequest), Object(CakeResponse))
#1 {main}
2017-08-01 02:41:51 Error: [MissingControllerException] Controller class CssController could not be found.
Exception Attributes: array (
  'class' => 'CssController',
  'plugin' => NULL,
)
Request URL: /photostock/css/bootstrap.min.css.map
Stack Trace:
#0 /www/htdocs/photostock/app/webroot/index.php(111): Dispatcher->dispatch(Object(CakeRequest), Object(CakeResponse))
#1 {main}
2017-08-01 02:42:00 Error: [MissingControllerException] Controller class CssController could not be found.
Exception Attributes: array (
  'class' => 'CssController',
  'plugin' => NULL,
)
Request URL: /photostock/css/bootstrap.min.css.map
Stack Trace:
#0 /www/htdocs/photostock/app/webroot/index.php(111): Dispatcher->dispatch(Object(CakeRequest), Object(CakeResponse))
#1 {main}
2017-08-01 02:42:04 Error: [MissingControllerException] Controller class CssController could not be found.
Exception Attributes: array (
  'class' => 'CssController',
  'plugin' => NULL,
)
Request URL: /photostock/css/bootstrap.min.css.map
Stack Trace:
#0 /www/htdocs/photostock/app/webroot/index.php(111): Dispatcher->dispatch(Object(CakeRequest), Object(CakeResponse))
#1 {main}
2017-08-01 02:46:22 Error: [MissingControllerException] Controller class CssController could not be found.
Exception Attributes: array (
  'class' => 'CssController',
  'plugin' => NULL,
)
Request URL: /photostock/css/bootstrap.min.css.map
Stack Trace:
#0 /www/htdocs/photostock/app/webroot/index.php(111): Dispatcher->dispatch(Object(CakeRequest), Object(CakeResponse))
#1 {main}
2017-08-01 02:57:04 Error: [MissingControllerException] Controller class CssController could not be found.
Exception Attributes: array (
  'class' => 'CssController',
  'plugin' => NULL,
)
Request URL: /photostock/css/bootstrap.min.css.map
Stack Trace:
#0 /www/htdocs/photostock/app/webroot/index.php(111): Dispatcher->dispatch(Object(CakeRequest), Object(CakeResponse))
#1 {main}
2017-08-01 02:57:08 Error: [MissingControllerException] Controller class CssController could not be found.
Exception Attributes: array (
  'class' => 'CssController',
  'plugin' => NULL,
)
Request URL: /photostock/css/bootstrap.min.css.map
Stack Trace:
#0 /www/htdocs/photostock/app/webroot/index.php(111): Dispatcher->dispatch(Object(CakeRequest), Object(CakeResponse))
#1 {main}
2017-08-01 02:57:27 Error: [MissingControllerException] Controller class CssController could not be found.
Exception Attributes: array (
  'class' => 'CssController',
  'plugin' => NULL,
)
Request URL: /photostock/css/bootstrap.min.css.map
Stack Trace:
#0 /www/htdocs/photostock/app/webroot/index.php(111): Dispatcher->dispatch(Object(CakeRequest), Object(CakeResponse))
#1 {main}
2017-08-01 03:13:57 Error: [MissingActionException] Action UsersController::favicon.ico() could not be found.
Exception Attributes: array (
  'controller' => 'UsersController',
  'action' => 'favicon.ico',
)
Request URL: /photostock/users/favicon.ico
Stack Trace:
#0 /www/htdocs/photostock/lib/Cake/Routing/Dispatcher.php(193): Controller->invokeAction(Object(CakeRequest))
#1 /www/htdocs/photostock/lib/Cake/Routing/Dispatcher.php(167): Dispatcher->_invoke(Object(UsersController), Object(CakeRequest))
#2 /www/htdocs/photostock/app/webroot/index.php(111): Dispatcher->dispatch(Object(CakeRequest), Object(CakeResponse))
#3 {main}
2017-08-01 03:17:57 Error: [MissingControllerException] Controller class CssController could not be found.
Exception Attributes: array (
  'class' => 'CssController',
  'plugin' => NULL,
)
Request URL: /photostock/css/bootstrap.min.css.map
Stack Trace:
#0 /www/htdocs/photostock/app/webroot/index.php(111): Dispatcher->dispatch(Object(CakeRequest), Object(CakeResponse))
#1 {main}
2017-08-01 03:18:14 Error: [MissingControllerException] Controller class CssController could not be found.
Exception Attributes: array (
  'class' => 'CssController',
  'plugin' => NULL,
)
Request URL: /photostock/css/bootstrap.min.css.map
Stack Trace:
#0 /www/htdocs/photostock/app/webroot/index.php(111): Dispatcher->dispatch(Object(CakeRequest), Object(CakeResponse))
#1 {main}
2017-08-01 03:18:18 Error: [MissingControllerException] Controller class CssController could not be found.
Exception Attributes: array (
  'class' => 'CssController',
  'plugin' => NULL,
)
Request URL: /photostock/css/bootstrap.min.css.map
Stack Trace:
#0 /www/htdocs/photostock/app/webroot/index.php(111): Dispatcher->dispatch(Object(CakeRequest), Object(CakeResponse))
#1 {main}
2017-08-01 03:18:21 Error: [MissingControllerException] Controller class CssController could not be found.
Exception Attributes: array (
  'class' => 'CssController',
  'plugin' => NULL,
)
Request URL: /photostock/css/bootstrap.min.css.map
Stack Trace:
#0 /www/htdocs/photostock/app/webroot/index.php(111): Dispatcher->dispatch(Object(CakeRequest), Object(CakeResponse))
#1 {main}
2017-08-01 03:18:27 Error: [MissingControllerException] Controller class CssController could not be found.
Exception Attributes: array (
  'class' => 'CssController',
  'plugin' => NULL,
)
Request URL: /photostock/css/bootstrap.min.css.map
Stack Trace:
#0 /www/htdocs/photostock/app/webroot/index.php(111): Dispatcher->dispatch(Object(CakeRequest), Object(CakeResponse))
#1 {main}
2017-08-01 03:18:28 Error: [MissingControllerException] Controller class CssController could not be found.
Exception Attributes: array (
  'class' => 'CssController',
  'plugin' => NULL,
)
Request URL: /photostock/css/bootstrap.min.css.map
Stack Trace:
#0 /www/htdocs/photostock/app/webroot/index.php(111): Dispatcher->dispatch(Object(CakeRequest), Object(CakeResponse))
#1 {main}
2017-08-01 03:18:29 Error: [MissingControllerException] Controller class CssController could not be found.
Exception Attributes: array (
  'class' => 'CssController',
  'plugin' => NULL,
)
Request URL: /photostock/css/bootstrap.min.css.map
Stack Trace:
#0 /www/htdocs/photostock/app/webroot/index.php(111): Dispatcher->dispatch(Object(CakeRequest), Object(CakeResponse))
#1 {main}
2017-08-01 03:18:46 Error: [MissingControllerException] Controller class CssController could not be found.
Exception Attributes: array (
  'class' => 'CssController',
  'plugin' => NULL,
)
Request URL: /photostock/css/bootstrap.min.css.map
Stack Trace:
#0 /www/htdocs/photostock/app/webroot/index.php(111): Dispatcher->dispatch(Object(CakeRequest), Object(CakeResponse))
#1 {main}
2017-08-01 03:18:48 Error: [MissingControllerException] Controller class CssController could not be found.
Exception Attributes: array (
  'class' => 'CssController',
  'plugin' => NULL,
)
Request URL: /photostock/css/bootstrap.min.css.map
Stack Trace:
#0 /www/htdocs/photostock/app/webroot/index.php(111): Dispatcher->dispatch(Object(CakeRequest), Object(CakeResponse))
#1 {main}
2017-08-01 03:18:52 Error: [MissingControllerException] Controller class CssController could not be found.
Exception Attributes: array (
  'class' => 'CssController',
  'plugin' => NULL,
)
Request URL: /photostock/css/bootstrap.min.css.map
Stack Trace:
#0 /www/htdocs/photostock/app/webroot/index.php(111): Dispatcher->dispatch(Object(CakeRequest), Object(CakeResponse))
#1 {main}
2017-08-01 03:18:56 Error: [MissingControllerException] Controller class CssController could not be found.
Exception Attributes: array (
  'class' => 'CssController',
  'plugin' => NULL,
)
Request URL: /photostock/css/bootstrap.min.css.map
Stack Trace:
#0 /www/htdocs/photostock/app/webroot/index.php(111): Dispatcher->dispatch(Object(CakeRequest), Object(CakeResponse))
#1 {main}
2017-08-01 03:19:03 Error: [MissingControllerException] Controller class CssController could not be found.
Exception Attributes: array (
  'class' => 'CssController',
  'plugin' => NULL,
)
Request URL: /photostock/css/bootstrap.min.css.map
Stack Trace:
#0 /www/htdocs/photostock/app/webroot/index.php(111): Dispatcher->dispatch(Object(CakeRequest), Object(CakeResponse))
#1 {main}
2017-08-01 03:37:25 Error: Fatal Error (4): syntax error, unexpected end of file in [/www/htdocs/photostock/app/View/Dashboards/index4.ctp, line 80]
2017-08-01 03:37:25 Error: [FatalErrorException] syntax error, unexpected end of file
Request URL: /photostock/dashboards/index4
Stack Trace:
#0 /www/htdocs/photostock/lib/Cake/Error/ErrorHandler.php(212): ErrorHandler::handleFatalError(4, 'syntax error, u...', '/www/htdocs/pho...', 80)
#1 [internal function]: ErrorHandler::handleError(4, 'syntax error, u...', '/www/htdocs/pho...', 80, Array)
#2 /www/htdocs/photostock/lib/Cake/Core/App.php(970): call_user_func('ErrorHandler::h...', 4, 'syntax error, u...', '/www/htdocs/pho...', 80, Array)
#3 /www/htdocs/photostock/lib/Cake/Core/App.php(943): App::_checkFatalError()
#4 [internal function]: App::shutdown()
#5 {main}
2017-08-01 03:41:43 Error: [MissingControllerException] Controller class CssController could not be found.
Exception Attributes: array (
  'class' => 'CssController',
  'plugin' => NULL,
)
Request URL: /photostock/css/bootstrap.min.css.map
Stack Trace:
#0 /www/htdocs/photostock/app/webroot/index.php(111): Dispatcher->dispatch(Object(CakeRequest), Object(CakeResponse))
#1 {main}
2017-08-01 03:41:47 Error: [MissingControllerException] Controller class CssController could not be found.
Exception Attributes: array (
  'class' => 'CssController',
  'plugin' => NULL,
)
Request URL: /photostock/css/bootstrap.min.css.map
Stack Trace:
#0 /www/htdocs/photostock/app/webroot/index.php(111): Dispatcher->dispatch(Object(CakeRequest), Object(CakeResponse))
#1 {main}
2017-08-01 03:41:49 Error: [MissingControllerException] Controller class CssController could not be found.
Exception Attributes: array (
  'class' => 'CssController',
  'plugin' => NULL,
)
Request URL: /photostock/css/bootstrap.min.css.map
Stack Trace:
#0 /www/htdocs/photostock/app/webroot/index.php(111): Dispatcher->dispatch(Object(CakeRequest), Object(CakeResponse))
#1 {main}
2017-08-01 04:04:40 Error: [MissingControllerException] Controller class CssController could not be found.
Exception Attributes: array (
  'class' => 'CssController',
  'plugin' => NULL,
)
Request URL: /photostock/css/bootstrap.min.css.map
Stack Trace:
#0 /www/htdocs/photostock/app/webroot/index.php(111): Dispatcher->dispatch(Object(CakeRequest), Object(CakeResponse))
#1 {main}
2017-08-01 04:04:43 Error: [MissingControllerException] Controller class CssController could not be found.
Exception Attributes: array (
  'class' => 'CssController',
  'plugin' => NULL,
)
Request URL: /photostock/css/bootstrap.min.css.map
Stack Trace:
#0 /www/htdocs/photostock/app/webroot/index.php(111): Dispatcher->dispatch(Object(CakeRequest), Object(CakeResponse))
#1 {main}
2017-08-01 04:04:54 Error: [MissingControllerException] Controller class CssController could not be found.
Exception Attributes: array (
  'class' => 'CssController',
  'plugin' => NULL,
)
Request URL: /photostock/css/bootstrap.min.css.map
Stack Trace:
#0 /www/htdocs/photostock/app/webroot/index.php(111): Dispatcher->dispatch(Object(CakeRequest), Object(CakeResponse))
#1 {main}
2017-08-01 04:04:55 Error: [MissingControllerException] Controller class CssController could not be found.
Exception Attributes: array (
  'class' => 'CssController',
  'plugin' => NULL,
)
Request URL: /photostock/css/bootstrap.min.css.map
Stack Trace:
#0 /www/htdocs/photostock/app/webroot/index.php(111): Dispatcher->dispatch(Object(CakeRequest), Object(CakeResponse))
#1 {main}
2017-08-01 04:04:58 Error: [MissingControllerException] Controller class CssController could not be found.
Exception Attributes: array (
  'class' => 'CssController',
  'plugin' => NULL,
)
Request URL: /photostock/css/bootstrap.min.css.map
Stack Trace:
#0 /www/htdocs/photostock/app/webroot/index.php(111): Dispatcher->dispatch(Object(CakeRequest), Object(CakeResponse))
#1 {main}
2017-08-01 04:05:13 Error: [MissingControllerException] Controller class CssController could not be found.
Exception Attributes: array (
  'class' => 'CssController',
  'plugin' => NULL,
)
Request URL: /photostock/css/bootstrap.min.css.map
Stack Trace:
#0 /www/htdocs/photostock/app/webroot/index.php(111): Dispatcher->dispatch(Object(CakeRequest), Object(CakeResponse))
#1 {main}
2017-08-01 04:05:15 Error: [MissingControllerException] Controller class CssController could not be found.
Exception Attributes: array (
  'class' => 'CssController',
  'plugin' => NULL,
)
Request URL: /photostock/css/bootstrap.min.css.map
Stack Trace:
#0 /www/htdocs/photostock/app/webroot/index.php(111): Dispatcher->dispatch(Object(CakeRequest), Object(CakeResponse))
#1 {main}
2017-08-01 04:05:18 Error: [MissingControllerException] Controller class CssController could not be found.
Exception Attributes: array (
  'class' => 'CssController',
  'plugin' => NULL,
)
Request URL: /photostock/css/bootstrap.min.css.map
Stack Trace:
#0 /www/htdocs/photostock/app/webroot/index.php(111): Dispatcher->dispatch(Object(CakeRequest), Object(CakeResponse))
#1 {main}
2017-08-01 04:08:09 Error: [MissingActionException] Action DashboardsController::index4() could not be found.
Exception Attributes: array (
  'controller' => 'DashboardsController',
  'action' => 'index4',
)
Request URL: /photostock/dashboards/index4
Stack Trace:
#0 /www/htdocs/photostock/lib/Cake/Routing/Dispatcher.php(193): Controller->invokeAction(Object(CakeRequest))
#1 /www/htdocs/photostock/lib/Cake/Routing/Dispatcher.php(167): Dispatcher->_invoke(Object(DashboardsController), Object(CakeRequest))
#2 /www/htdocs/photostock/app/webroot/index.php(111): Dispatcher->dispatch(Object(CakeRequest), Object(CakeResponse))
#3 {main}
2017-08-01 04:08:13 Error: [MissingControllerException] Controller class CssController could not be found.
Exception Attributes: array (
  'class' => 'CssController',
  'plugin' => NULL,
)
Request URL: /photostock/css/bootstrap.min.css.map
Stack Trace:
#0 /www/htdocs/photostock/app/webroot/index.php(111): Dispatcher->dispatch(Object(CakeRequest), Object(CakeResponse))
#1 {main}
2017-08-01 04:08:27 Error: [MissingControllerException] Controller class CssController could not be found.
Exception Attributes: array (
  'class' => 'CssController',
  'plugin' => NULL,
)
Request URL: /photostock/css/bootstrap.min.css.map
Stack Trace:
#0 /www/htdocs/photostock/app/webroot/index.php(111): Dispatcher->dispatch(Object(CakeRequest), Object(CakeResponse))
#1 {main}
2017-08-01 04:08:37 Error: [MissingControllerException] Controller class CssController could not be found.
Exception Attributes: array (
  'class' => 'CssController',
  'plugin' => NULL,
)
Request URL: /photostock/css/bootstrap.min.css.map
Stack Trace:
#0 /www/htdocs/photostock/app/webroot/index.php(111): Dispatcher->dispatch(Object(CakeRequest), Object(CakeResponse))
#1 {main}
2017-08-01 04:08:40 Error: [MissingControllerException] Controller class CssController could not be found.
Exception Attributes: array (
  'class' => 'CssController',
  'plugin' => NULL,
)
Request URL: /photostock/css/bootstrap.min.css.map
Stack Trace:
#0 /www/htdocs/photostock/app/webroot/index.php(111): Dispatcher->dispatch(Object(CakeRequest), Object(CakeResponse))
#1 {main}
2017-08-01 04:08:42 Error: [MissingControllerException] Controller class CssController could not be found.
Exception Attributes: array (
  'class' => 'CssController',
  'plugin' => NULL,
)
Request URL: /photostock/css/bootstrap.min.css.map
Stack Trace:
#0 /www/htdocs/photostock/app/webroot/index.php(111): Dispatcher->dispatch(Object(CakeRequest), Object(CakeResponse))
#1 {main}
2017-08-01 04:12:48 Error: [MissingControllerException] Controller class CssController could not be found.
Exception Attributes: array (
  'class' => 'CssController',
  'plugin' => NULL,
)
Request URL: /photostock/css/bootstrap.min.css.map
Stack Trace:
#0 /www/htdocs/photostock/app/webroot/index.php(111): Dispatcher->dispatch(Object(CakeRequest), Object(CakeResponse))
#1 {main}
2017-08-01 04:12:56 Error: [MissingControllerException] Controller class CssController could not be found.
Exception Attributes: array (
  'class' => 'CssController',
  'plugin' => NULL,
)
Request URL: /photostock/css/bootstrap.min.css.map
Stack Trace:
#0 /www/htdocs/photostock/app/webroot/index.php(111): Dispatcher->dispatch(Object(CakeRequest), Object(CakeResponse))
#1 {main}
2017-08-01 04:13:02 Error: [MissingControllerException] Controller class CssController could not be found.
Exception Attributes: array (
  'class' => 'CssController',
  'plugin' => NULL,
)
Request URL: /photostock/css/bootstrap.min.css.map
Stack Trace:
#0 /www/htdocs/photostock/app/webroot/index.php(111): Dispatcher->dispatch(Object(CakeRequest), Object(CakeResponse))
#1 {main}
2017-08-01 04:13:08 Error: [MissingControllerException] Controller class CssController could not be found.
Exception Attributes: array (
  'class' => 'CssController',
  'plugin' => NULL,
)
Request URL: /photostock/css/bootstrap.min.css.map
Stack Trace:
#0 /www/htdocs/photostock/app/webroot/index.php(111): Dispatcher->dispatch(Object(CakeRequest), Object(CakeResponse))
#1 {main}
2017-08-01 04:13:13 Error: [MissingControllerException] Controller class CssController could not be found.
Exception Attributes: array (
  'class' => 'CssController',
  'plugin' => NULL,
)
Request URL: /photostock/css/bootstrap.min.css.map
Stack Trace:
#0 /www/htdocs/photostock/app/webroot/index.php(111): Dispatcher->dispatch(Object(CakeRequest), Object(CakeResponse))
#1 {main}
2017-08-01 04:14:45 Error: [MissingControllerException] Controller class CssController could not be found.
Exception Attributes: array (
  'class' => 'CssController',
  'plugin' => NULL,
)
Request URL: /photostock/css/bootstrap.min.css.map
Stack Trace:
#0 /www/htdocs/photostock/app/webroot/index.php(111): Dispatcher->dispatch(Object(CakeRequest), Object(CakeResponse))
#1 {main}
2017-08-01 04:14:50 Error: [MissingControllerException] Controller class CssController could not be found.
Exception Attributes: array (
  'class' => 'CssController',
  'plugin' => NULL,
)
Request URL: /photostock/css/bootstrap.min.css.map
Stack Trace:
#0 /www/htdocs/photostock/app/webroot/index.php(111): Dispatcher->dispatch(Object(CakeRequest), Object(CakeResponse))
#1 {main}
2017-08-01 04:14:58 Error: [MissingControllerException] Controller class CssController could not be found.
Exception Attributes: array (
  'class' => 'CssController',
  'plugin' => NULL,
)
Request URL: /photostock/css/bootstrap.min.css.map
Stack Trace:
#0 /www/htdocs/photostock/app/webroot/index.php(111): Dispatcher->dispatch(Object(CakeRequest), Object(CakeResponse))
#1 {main}
2017-08-01 04:15:03 Error: [MissingControllerException] Controller class CssController could not be found.
Exception Attributes: array (
  'class' => 'CssController',
  'plugin' => NULL,
)
Request URL: /photostock/css/bootstrap.min.css.map
Stack Trace:
#0 /www/htdocs/photostock/app/webroot/index.php(111): Dispatcher->dispatch(Object(CakeRequest), Object(CakeResponse))
#1 {main}
2017-08-01 04:15:06 Error: [MissingControllerException] Controller class CssController could not be found.
Exception Attributes: array (
  'class' => 'CssController',
  'plugin' => NULL,
)
Request URL: /photostock/css/bootstrap.min.css.map
Stack Trace:
#0 /www/htdocs/photostock/app/webroot/index.php(111): Dispatcher->dispatch(Object(CakeRequest), Object(CakeResponse))
#1 {main}
2017-08-01 04:15:20 Error: [MissingControllerException] Controller class CssController could not be found.
Exception Attributes: array (
  'class' => 'CssController',
  'plugin' => NULL,
)
Request URL: /photostock/css/bootstrap.min.css.map
Stack Trace:
#0 /www/htdocs/photostock/app/webroot/index.php(111): Dispatcher->dispatch(Object(CakeRequest), Object(CakeResponse))
#1 {main}
2017-08-01 04:15:28 Error: [MissingControllerException] Controller class CssController could not be found.
Exception Attributes: array (
  'class' => 'CssController',
  'plugin' => NULL,
)
Request URL: /photostock/css/bootstrap.min.css.map
Stack Trace:
#0 /www/htdocs/photostock/app/webroot/index.php(111): Dispatcher->dispatch(Object(CakeRequest), Object(CakeResponse))
#1 {main}
2017-08-01 04:15:32 Error: [MissingControllerException] Controller class CssController could not be found.
Exception Attributes: array (
  'class' => 'CssController',
  'plugin' => NULL,
)
Request URL: /photostock/css/bootstrap.min.css.map
Stack Trace:
#0 /www/htdocs/photostock/app/webroot/index.php(111): Dispatcher->dispatch(Object(CakeRequest), Object(CakeResponse))
#1 {main}
2017-08-01 04:15:43 Error: [MissingControllerException] Controller class CssController could not be found.
Exception Attributes: array (
  'class' => 'CssController',
  'plugin' => NULL,
)
Request URL: /photostock/css/bootstrap.min.css.map
Stack Trace:
#0 /www/htdocs/photostock/app/webroot/index.php(111): Dispatcher->dispatch(Object(CakeRequest), Object(CakeResponse))
#1 {main}
2017-08-01 04:15:46 Error: [MissingControllerException] Controller class CssController could not be found.
Exception Attributes: array (
  'class' => 'CssController',
  'plugin' => NULL,
)
Request URL: /photostock/css/bootstrap.min.css.map
Stack Trace:
#0 /www/htdocs/photostock/app/webroot/index.php(111): Dispatcher->dispatch(Object(CakeRequest), Object(CakeResponse))
#1 {main}
2017-08-01 04:17:07 Error: [MissingControllerException] Controller class CssController could not be found.
Exception Attributes: array (
  'class' => 'CssController',
  'plugin' => NULL,
)
Request URL: /photostock/css/bootstrap.min.css.map
Stack Trace:
#0 /www/htdocs/photostock/app/webroot/index.php(111): Dispatcher->dispatch(Object(CakeRequest), Object(CakeResponse))
#1 {main}
2017-08-01 04:17:28 Error: [MissingControllerException] Controller class CssController could not be found.
Exception Attributes: array (
  'class' => 'CssController',
  'plugin' => NULL,
)
Request URL: /photostock/css/bootstrap.min.css.map
Stack Trace:
#0 /www/htdocs/photostock/app/webroot/index.php(111): Dispatcher->dispatch(Object(CakeRequest), Object(CakeResponse))
#1 {main}
2017-08-01 04:17:34 Error: [MissingControllerException] Controller class CssController could not be found.
Exception Attributes: array (
  'class' => 'CssController',
  'plugin' => NULL,
)
Request URL: /photostock/css/bootstrap.min.css.map
Stack Trace:
#0 /www/htdocs/photostock/app/webroot/index.php(111): Dispatcher->dispatch(Object(CakeRequest), Object(CakeResponse))
#1 {main}
2017-08-01 04:17:40 Error: [MissingControllerException] Controller class CssController could not be found.
Exception Attributes: array (
  'class' => 'CssController',
  'plugin' => NULL,
)
Request URL: /photostock/css/bootstrap.min.css.map
Stack Trace:
#0 /www/htdocs/photostock/app/webroot/index.php(111): Dispatcher->dispatch(Object(CakeRequest), Object(CakeResponse))
#1 {main}
2017-08-01 04:17:46 Error: [MissingControllerException] Controller class CssController could not be found.
Exception Attributes: array (
  'class' => 'CssController',
  'plugin' => NULL,
)
Request URL: /photostock/css/bootstrap.min.css.map
Stack Trace:
#0 /www/htdocs/photostock/app/webroot/index.php(111): Dispatcher->dispatch(Object(CakeRequest), Object(CakeResponse))
#1 {main}
2017-08-01 04:17:47 Error: [MissingControllerException] Controller class CssController could not be found.
Exception Attributes: array (
  'class' => 'CssController',
  'plugin' => NULL,
)
Request URL: /photostock/css/bootstrap.min.css.map
Stack Trace:
#0 /www/htdocs/photostock/app/webroot/index.php(111): Dispatcher->dispatch(Object(CakeRequest), Object(CakeResponse))
#1 {main}
2017-08-01 04:17:48 Error: [MissingControllerException] Controller class CssController could not be found.
Exception Attributes: array (
  'class' => 'CssController',
  'plugin' => NULL,
)
Request URL: /photostock/css/bootstrap.min.css.map
Stack Trace:
#0 /www/htdocs/photostock/app/webroot/index.php(111): Dispatcher->dispatch(Object(CakeRequest), Object(CakeResponse))
#1 {main}
2017-08-01 04:17:49 Error: [MissingControllerException] Controller class CssController could not be found.
Exception Attributes: array (
  'class' => 'CssController',
  'plugin' => NULL,
)
Request URL: /photostock/css/bootstrap.min.css.map
Stack Trace:
#0 /www/htdocs/photostock/app/webroot/index.php(111): Dispatcher->dispatch(Object(CakeRequest), Object(CakeResponse))
#1 {main}
2017-08-01 04:17:50 Error: [MissingControllerException] Controller class CssController could not be found.
Exception Attributes: array (
  'class' => 'CssController',
  'plugin' => NULL,
)
Request URL: /photostock/css/bootstrap.min.css.map
Stack Trace:
#0 /www/htdocs/photostock/app/webroot/index.php(111): Dispatcher->dispatch(Object(CakeRequest), Object(CakeResponse))
#1 {main}
2017-08-01 04:18:16 Error: [MissingControllerException] Controller class CssController could not be found.
Exception Attributes: array (
  'class' => 'CssController',
  'plugin' => NULL,
)
Request URL: /photostock/css/bootstrap.min.css.map
Stack Trace:
#0 /www/htdocs/photostock/app/webroot/index.php(111): Dispatcher->dispatch(Object(CakeRequest), Object(CakeResponse))
#1 {main}
2017-08-01 06:18:56 Error: [MissingControllerException] Controller class CssController could not be found.
Exception Attributes: array (
  'class' => 'CssController',
  'plugin' => NULL,
)
Request URL: /photostock/css/bootstrap.min.css.map
Stack Trace:
#0 /www/htdocs/photostock/app/webroot/index.php(111): Dispatcher->dispatch(Object(CakeRequest), Object(CakeResponse))
#1 {main}
2017-08-01 06:19:35 Error: [MissingControllerException] Controller class CssController could not be found.
Exception Attributes: array (
  'class' => 'CssController',
  'plugin' => NULL,
)
Request URL: /photostock/css/bootstrap.min.css.map
Stack Trace:
#0 /www/htdocs/photostock/app/webroot/index.php(111): Dispatcher->dispatch(Object(CakeRequest), Object(CakeResponse))
#1 {main}
2017-08-01 06:19:50 Error: [MissingControllerException] Controller class CssController could not be found.
Exception Attributes: array (
  'class' => 'CssController',
  'plugin' => NULL,
)
Request URL: /photostock/css/bootstrap.min.css.map
Stack Trace:
#0 /www/htdocs/photostock/app/webroot/index.php(111): Dispatcher->dispatch(Object(CakeRequest), Object(CakeResponse))
#1 {main}
2017-08-01 06:19:56 Error: [MissingControllerException] Controller class CssController could not be found.
Exception Attributes: array (
  'class' => 'CssController',
  'plugin' => NULL,
)
Request URL: /photostock/css/bootstrap.min.css.map
Stack Trace:
#0 /www/htdocs/photostock/app/webroot/index.php(111): Dispatcher->dispatch(Object(CakeRequest), Object(CakeResponse))
#1 {main}
2017-08-01 06:19:58 Error: [MissingControllerException] Controller class CssController could not be found.
Exception Attributes: array (
  'class' => 'CssController',
  'plugin' => NULL,
)
Request URL: /photostock/css/bootstrap.min.css.map
Stack Trace:
#0 /www/htdocs/photostock/app/webroot/index.php(111): Dispatcher->dispatch(Object(CakeRequest), Object(CakeResponse))
#1 {main}
2017-08-01 06:20:02 Error: [MissingControllerException] Controller class CssController could not be found.
Exception Attributes: array (
  'class' => 'CssController',
  'plugin' => NULL,
)
Request URL: /photostock/css/bootstrap.min.css.map
Stack Trace:
#0 /www/htdocs/photostock/app/webroot/index.php(111): Dispatcher->dispatch(Object(CakeRequest), Object(CakeResponse))
#1 {main}
2017-08-01 06:20:04 Error: [MissingControllerException] Controller class CssController could not be found.
Exception Attributes: array (
  'class' => 'CssController',
  'plugin' => NULL,
)
Request URL: /photostock/css/bootstrap.min.css.map
Stack Trace:
#0 /www/htdocs/photostock/app/webroot/index.php(111): Dispatcher->dispatch(Object(CakeRequest), Object(CakeResponse))
#1 {main}
2017-08-01 06:20:12 Error: [MissingControllerException] Controller class CssController could not be found.
Exception Attributes: array (
  'class' => 'CssController',
  'plugin' => NULL,
)
Request URL: /photostock/css/bootstrap.min.css.map
Stack Trace:
#0 /www/htdocs/photostock/app/webroot/index.php(111): Dispatcher->dispatch(Object(CakeRequest), Object(CakeResponse))
#1 {main}
2017-08-01 06:20:15 Error: [MissingControllerException] Controller class CssController could not be found.
Exception Attributes: array (
  'class' => 'CssController',
  'plugin' => NULL,
)
Request URL: /photostock/css/bootstrap.min.css.map
Stack Trace:
#0 /www/htdocs/photostock/app/webroot/index.php(111): Dispatcher->dispatch(Object(CakeRequest), Object(CakeResponse))
#1 {main}
2017-08-01 06:20:37 Error: [MissingControllerException] Controller class CssController could not be found.
Exception Attributes: array (
  'class' => 'CssController',
  'plugin' => NULL,
)
Request URL: /photostock/css/bootstrap.min.css.map
Stack Trace:
#0 /www/htdocs/photostock/app/webroot/index.php(111): Dispatcher->dispatch(Object(CakeRequest), Object(CakeResponse))
#1 {main}
2017-08-01 06:20:41 Error: [MissingControllerException] Controller class CssController could not be found.
Exception Attributes: array (
  'class' => 'CssController',
  'plugin' => NULL,
)
Request URL: /photostock/css/bootstrap.min.css.map
Stack Trace:
#0 /www/htdocs/photostock/app/webroot/index.php(111): Dispatcher->dispatch(Object(CakeRequest), Object(CakeResponse))
#1 {main}
2017-08-01 06:20:46 Error: [MissingControllerException] Controller class CssController could not be found.
Exception Attributes: array (
  'class' => 'CssController',
  'plugin' => NULL,
)
Request URL: /photostock/css/bootstrap.min.css.map
Stack Trace:
#0 /www/htdocs/photostock/app/webroot/index.php(111): Dispatcher->dispatch(Object(CakeRequest), Object(CakeResponse))
#1 {main}
2017-08-01 06:20:52 Error: [MissingControllerException] Controller class CssController could not be found.
Exception Attributes: array (
  'class' => 'CssController',
  'plugin' => NULL,
)
Request URL: /photostock/css/bootstrap.min.css.map
Stack Trace:
#0 /www/htdocs/photostock/app/webroot/index.php(111): Dispatcher->dispatch(Object(CakeRequest), Object(CakeResponse))
#1 {main}
2017-08-01 06:20:59 Error: [MissingControllerException] Controller class CssController could not be found.
Exception Attributes: array (
  'class' => 'CssController',
  'plugin' => NULL,
)
Request URL: /photostock/css/bootstrap.min.css.map
Stack Trace:
#0 /www/htdocs/photostock/app/webroot/index.php(111): Dispatcher->dispatch(Object(CakeRequest), Object(CakeResponse))
#1 {main}
2017-08-01 06:21:15 Error: [MissingControllerException] Controller class CssController could not be found.
Exception Attributes: array (
  'class' => 'CssController',
  'plugin' => NULL,
)
Request URL: /photostock/css/bootstrap.min.css.map
Stack Trace:
#0 /www/htdocs/photostock/app/webroot/index.php(111): Dispatcher->dispatch(Object(CakeRequest), Object(CakeResponse))
#1 {main}
2017-08-01 06:21:18 Error: [MissingControllerException] Controller class CssController could not be found.
Exception Attributes: array (
  'class' => 'CssController',
  'plugin' => NULL,
)
Request URL: /photostock/css/bootstrap.min.css.map
Stack Trace:
#0 /www/htdocs/photostock/app/webroot/index.php(111): Dispatcher->dispatch(Object(CakeRequest), Object(CakeResponse))
#1 {main}
2017-08-01 06:21:22 Error: [MissingControllerException] Controller class CssController could not be found.
Exception Attributes: array (
  'class' => 'CssController',
  'plugin' => NULL,
)
Request URL: /photostock/css/bootstrap.min.css.map
Stack Trace:
#0 /www/htdocs/photostock/app/webroot/index.php(111): Dispatcher->dispatch(Object(CakeRequest), Object(CakeResponse))
#1 {main}
2017-08-01 06:21:26 Error: [MissingControllerException] Controller class CssController could not be found.
Exception Attributes: array (
  'class' => 'CssController',
  'plugin' => NULL,
)
Request URL: /photostock/css/bootstrap.min.css.map
Stack Trace:
#0 /www/htdocs/photostock/app/webroot/index.php(111): Dispatcher->dispatch(Object(CakeRequest), Object(CakeResponse))
#1 {main}
2017-08-01 06:21:37 Error: [MissingControllerException] Controller class CssController could not be found.
Exception Attributes: array (
  'class' => 'CssController',
  'plugin' => NULL,
)
Request URL: /photostock/css/bootstrap.min.css.map
Stack Trace:
#0 /www/htdocs/photostock/app/webroot/index.php(111): Dispatcher->dispatch(Object(CakeRequest), Object(CakeResponse))
#1 {main}
2017-08-01 06:44:38 Error: [MissingControllerException] Controller class CssController could not be found.
Exception Attributes: array (
  'class' => 'CssController',
  'plugin' => NULL,
)
Request URL: /photostock/css/bootstrap.min.css.map
Stack Trace:
#0 /www/htdocs/photostock/app/webroot/index.php(111): Dispatcher->dispatch(Object(CakeRequest), Object(CakeResponse))
#1 {main}
